<?xml version="1.0" encoding="UTF-8"?>
<!-- Generated by org.testng.reporters.JUnitReportReporter -->
<testsuite hostname="DESKTOP-HAQMENS" failures="0" tests="2" name="Com.testing.DataProviderTestNg" time="0.016" errors="0" timestamp="2021-10-27T07:21:02 IST" skipped="0">
  <testcase classname="Com.testing.DataProviderTestNg" name="Method1" time="0.002"/>
  <system-out/>
  <testcase classname="Com.testing.DataProviderTestNg" name="Method1" time="0.014"/>
  <system-out/>
</testsuite> <!-- Com.testing.DataProviderTestNg -->
