<?xml version="1.0" encoding="UTF-8"?>
<!-- Generated by org.testng.reporters.JUnitReportReporter -->
<testsuite hostname="DESKTOP-HAQMENS" failures="0" tests="1" name="Com.testing.test1" time="0.013" errors="0" timestamp="2021-10-23T10:01:37 IST" skipped="0">
  <testcase classname="Com.testing.test1" name="method1" time="0.013"/>
  <system-out/>
</testsuite> <!-- Com.testing.test1 -->
