<?xml version="1.0" encoding="UTF-8"?>
<!-- Generated by org.testng.reporters.JUnitReportReporter -->
<testsuite hostname="DESKTOP-HAQMENS" failures="0" tests="2" name="Com.testing.TestNGParallelTestingDemo" time="0.014" errors="0" timestamp="2021-10-31T16:56:15 IST" skipped="0">
  <testcase classname="Com.testing.TestNGParallelTestingDemo" name="Test1" time="0.012"/>
  <system-out/>
  <testcase classname="Com.testing.TestNGParallelTestingDemo" name="Test2" time="0.002"/>
  <system-out/>
</testsuite> <!-- Com.testing.TestNGParallelTestingDemo -->
