<?xml version="1.0" encoding="UTF-8"?>
<!-- Generated by org.testng.reporters.JUnitReportReporter -->
<testsuite hostname="DESKTOP-HAQMENS" failures="0" tests="2" name="Com.testing.Test4" time="0.017" errors="0" timestamp="2021-10-31T16:56:15 IST" skipped="0">
  <testcase classname="Com.testing.Test4" name="method2" time="0.008"/>
  <system-out/>
  <testcase classname="Com.testing.Test4" name="method1" time="0.009"/>
  <system-out/>
</testsuite> <!-- Com.testing.Test4 -->
