<?xml version="1.0" encoding="UTF-8"?>
<!-- Generated by org.testng.reporters.JUnitReportReporter -->
<testsuite hostname="DESKTOP-HAQMENS" failures="0" tests="4" name="Com.testing.test3" time="0.028" errors="0" timestamp="2021-10-25T09:04:32 IST" skipped="1">
  <testcase classname="Com.testing.test3" name="method2" time="0.019"/>
  <system-out/>
  <testcase classname="Com.testing.test3" name="method4" time="0.003"/>
  <system-out/>
  <testcase classname="Com.testing.test3" name="amethod1" time="0.006"/>
  <system-out/>
  <testcase classname="Com.testing.test3" name="method3">
    <skipped/>
  </testcase> <!-- method3 -->
  <system-out/>
</testsuite> <!-- Com.testing.test3 -->
