<?xml version="1.0" encoding="UTF-8"?>
<!-- Generated by org.testng.reporters.JUnitReportReporter -->
<testsuite hostname="DESKTOP-HAQMENS" failures="0" tests="1" name="Com.testing.Test2" time="0.014" errors="0" timestamp="2021-10-25T08:44:45 IST" skipped="0">
  <testcase classname="Com.testing.Test2" name="method3" time="0.014"/>
  <system-out/>
</testsuite> <!-- Com.testing.Test2 -->
