<?xml version="1.0" encoding="UTF-8"?>
<!-- Generated by org.testng.reporters.JUnitReportReporter -->
<testsuite hostname="DESKTOP-HAQMENS" failures="0" tests="6" name="Com.testing.TestNGPriority" time="0.036" errors="0" timestamp="2021-10-26T08:22:59 IST" skipped="0">
  <testcase classname="Com.testing.TestNGPriority" name="method2" time="0.005"/>
  <system-out/>
  <testcase classname="Com.testing.TestNGPriority" name="method6" time="0.003"/>
  <system-out/>
  <testcase classname="Com.testing.TestNGPriority" name="method1" time="0.017"/>
  <system-out/>
  <testcase classname="Com.testing.TestNGPriority" name="method3" time="0.007"/>
  <system-out/>
  <testcase classname="Com.testing.TestNGPriority" name="method5" time="0.002"/>
  <system-out/>
  <testcase classname="Com.testing.TestNGPriority" name="method4" time="0.002"/>
  <system-out/>
</testsuite> <!-- Com.testing.TestNGPriority -->
