<?xml version="1.0" encoding="UTF-8"?>
<!-- Generated by org.testng.reporters.JUnitReportReporter -->
<testsuite hostname="DESKTOP-HAQMENS" failures="0" tests="1" name="Com.testing.TestNGParametersDemo" time="0.016" errors="0" timestamp="2021-10-28T18:08:26 IST" skipped="0">
  <testcase classname="Com.testing.TestNGParametersDemo" name="Teest" time="0.016"/>
  <system-out/>
</testsuite> <!-- Com.testing.TestNGParametersDemo -->
